<?xml version="1.0" encoding="UTF-8"?>
<testng-results skipped="0" failed="0" total="1" passed="1">
  <reporter-output>
  </reporter-output>
  <suite name="Default suite" duration-ms="1988" started-at="2017-11-01T15:49:54Z" finished-at="2017-11-01T15:49:56Z">
    <groups>
    </groups>
    <test name="Default test" duration-ms="1988" started-at="2017-11-01T15:49:54Z" finished-at="2017-11-01T15:49:56Z">
      <class name="restAssured.sampleRestAssured">
        <test-method status="PASS" signature="BaseDetails()[pri:0, instance:restAssured.sampleRestAssured@6108b2d7]" name="BaseDetails" is-config="true" duration-ms="325" started-at="2017-11-01T21:19:54Z" finished-at="2017-11-01T21:19:54Z">
          <reporter-output>
          </reporter-output>
        </test-method> <!-- BaseDetails -->
        <test-method status="PASS" signature="test_cmeActivity()[pri:0, instance:restAssured.sampleRestAssured@6108b2d7]" name="test_cmeActivity" duration-ms="1651" started-at="2017-11-01T21:19:54Z" finished-at="2017-11-01T21:19:56Z">
          <reporter-output>
          </reporter-output>
        </test-method> <!-- test_cmeActivity -->
      </class> <!-- restAssured.sampleRestAssured -->
    </test> <!-- Default test -->
  </suite> <!-- Default suite -->
</testng-results>
